2018.01.18 09:47 B C:\wamp\www\admon\new\assets\js\desktop.ini <-- bluewolf BLUEHOST /public_html/admon/new/assets/js desktop.ini
2018.01.18 09:47 B C:\wamp\www\admon\new\assets\js\jquery.min.js <-- bluewolf BLUEHOST /public_html/admon/new/assets/js jquery.min.js
2018.01.18 09:47 B C:\wamp\www\admon\new\assets\js\jquery.scrollex.min.js <-- bluewolf BLUEHOST /public_html/admon/new/assets/js jquery.scrollex.min.js
2018.01.18 09:47 B C:\wamp\www\admon\new\assets\js\jquery.scrolly.min.js <-- bluewolf BLUEHOST /public_html/admon/new/assets/js jquery.scrolly.min.js
2018.01.18 09:47 B C:\wamp\www\admon\new\assets\js\main.js <-- bluewolf BLUEHOST /public_html/admon/new/assets/js main.js
2018.01.18 09:47 B C:\wamp\www\admon\new\assets\js\main2.js <-- bluewolf BLUEHOST /public_html/admon/new/assets/js main2.js
2018.01.18 09:47 B C:\wamp\www\admon\new\assets\js\skel.min.js <-- bluewolf BLUEHOST /public_html/admon/new/assets/js skel.min.js
2018.01.18 09:47 B C:\wamp\www\admon\new\assets\js\util.js <-- bluewolf BLUEHOST /public_html/admon/new/assets/js util.js
2018.07.06 14:02 B C:\Users\redkey\Documents\Google Drive L\admon\new\assets\js\initialize.js --> www.bluewolf.com.mx /public_html/admon/new/assets/js initialize.js
2019.07.10 10:25 B C:\Users\redkey\Documents\Repositorios\AdministracionBluewolf\assets\js\viaticos.js --> www.bluewolf.com.mx /public_html/admon/new/assets/js viaticos.js
2019.07.10 16:15 B C:\Users\redkey\Documents\Repositorios\AdministracionBluewolf\assets\js\viaticos.js --> www.bluewolf.com.mx /public_html/admon/new/assets/js viaticos.js
2019.07.10 16:54 B C:\Users\redkey\Documents\Repositorios\AdministracionBluewolf\assets\js\viaticos.js --> www.bluewolf.com.mx /public_html/admon/new/assets/js viaticos.js
2019.07.10 16:54 B C:\Users\redkey\Documents\Repositorios\AdministracionBluewolf\assets\js\viaticos.js --> www.bluewolf.com.mx /public_html/admon/new/assets/js viaticos.js
2019.07.10 17:01 B C:\Users\redkey\Documents\Repositorios\AdministracionBluewolf\assets\js\viaticos.js --> www.bluewolf.com.mx /public_html/admon/new/assets/js viaticos.js
2019.07.10 17:03 B C:\Users\redkey\Documents\Repositorios\AdministracionBluewolf\assets\js\viaticos.js --> www.bluewolf.com.mx /public_html/admon/new/assets/js viaticos.js
2019.07.11 12:19 B C:\Users\redkey\Documents\Repositorios\AdministracionBluewolf\assets\js\viaticos.js --> www.bluewolf.com.mx /public_html/admon/new/assets/js viaticos.js
2019.07.11 12:20 B C:\Users\redkey\Documents\Repositorios\AdministracionBluewolf\assets\js\viaticos.js --> www.bluewolf.com.mx /public_html/admon/new/assets/js viaticos.js
2019.07.11 12:23 B C:\Users\redkey\Documents\Repositorios\AdministracionBluewolf\assets\js\viaticos.js --> www.bluewolf.com.mx /public_html/admon/new/assets/js viaticos.js
2019.07.11 12:50 B C:\Users\redkey\Documents\Repositorios\AdministracionBluewolf\assets\js\viaticos.js --> www.bluewolf.com.mx /public_html/admon/new/assets/js viaticos.js
2019.07.11 13:30 B C:\Users\redkey\Documents\Repositorios\AdministracionBluewolf\assets\js\viaticos.js --> www.bluewolf.com.mx /public_html/admon/new/assets/js viaticos.js
2019.07.11 13:34 B C:\Users\redkey\Documents\Repositorios\AdministracionBluewolf\assets\js\viaticos.js --> www.bluewolf.com.mx /public_html/admon/new/assets/js viaticos.js
2019.07.15 14:04 B C:\Users\redkey\Documents\Repositorios\AdministracionBluewolf\assets\js\viaticos.js --> www.bluewolf.com.mx /public_html/admon/new/assets/js viaticos.js
