2018.09.11 13:38 B C:\Users\redkey\Documents\Repositorios\AdministracionBluewolf\coneccion.php --> www.bluewolf.com.mx /public_html/admon/Test coneccion.php
2018.09.11 13:46 B C:\Users\redkey\Documents\Repositorios\AdministracionBluewolf\facturas_cobrar.php --> www.bluewolf.com.mx /public_html/admon/Test facturas_cobrar.php
2018.09.11 13:47 B C:\Users\redkey\Documents\Repositorios\AdministracionBluewolf\facturas_cobrar.php --> www.bluewolf.com.mx /public_html/admon/Test facturas_cobrar.php
2018.09.11 13:47 B C:\Users\redkey\Documents\Repositorios\AdministracionBluewolf\facturas_cobrar.php --> www.bluewolf.com.mx /public_html/admon/Test facturas_cobrar.php
2018.09.11 13:48 B C:\Users\redkey\Documents\Repositorios\AdministracionBluewolf\facturas_cobrar.php --> www.bluewolf.com.mx /public_html/admon/Test facturas_cobrar.php
2018.09.11 13:48 B C:\Users\redkey\Documents\Repositorios\AdministracionBluewolf\facturas_cobrar.php --> www.bluewolf.com.mx /public_html/admon/Test facturas_cobrar.php
2018.09.11 13:57 B C:\Users\redkey\Documents\Repositorios\AdministracionBluewolf\facturas_cobrar.php --> www.bluewolf.com.mx /public_html/admon/Test facturas_cobrar.php
2018.09.11 13:58 B C:\Users\redkey\Documents\Repositorios\AdministracionBluewolf\facturas_cobrar.php --> www.bluewolf.com.mx /public_html/admon/Test facturas_cobrar.php
2018.09.11 14:00 B C:\Users\redkey\Documents\Repositorios\AdministracionBluewolf\facturas_cobrar.php --> www.bluewolf.com.mx /public_html/admon/Test facturas_cobrar.php
2018.09.11 14:01 B C:\Users\redkey\Documents\Repositorios\AdministracionBluewolf\facturas_cobrar.php --> www.bluewolf.com.mx /public_html/admon/Test facturas_cobrar.php
2018.09.11 14:02 B C:\Users\redkey\Documents\Repositorios\AdministracionBluewolf\facturas_cobrar.php --> www.bluewolf.com.mx /public_html/admon/Test facturas_cobrar.php
2018.09.11 14:03 B C:\Users\redkey\Documents\Repositorios\AdministracionBluewolf\facturas_cobrar.php --> www.bluewolf.com.mx /public_html/admon/Test facturas_cobrar.php
2018.09.11 14:05 B C:\Users\redkey\Documents\Repositorios\AdministracionBluewolf\facturas_cobrar.php --> www.bluewolf.com.mx /public_html/admon/Test facturas_cobrar.php
2018.09.11 14:06 B C:\Users\redkey\Documents\Repositorios\AdministracionBluewolf\facturas_cobrar.php --> www.bluewolf.com.mx /public_html/admon/Test facturas_cobrar.php
2018.09.11 14:07 B C:\Users\redkey\Documents\Repositorios\AdministracionBluewolf\facturas_cobrar.php --> www.bluewolf.com.mx /public_html/admon/Test facturas_cobrar.php
2018.09.11 14:08 B C:\Users\redkey\Documents\Repositorios\AdministracionBluewolf\facturas_cobrar.php --> www.bluewolf.com.mx /public_html/admon/Test facturas_cobrar.php
2018.09.11 14:08 B C:\Users\redkey\Documents\Repositorios\AdministracionBluewolf\facturas_cobrar.php --> www.bluewolf.com.mx /public_html/admon/Test facturas_cobrar.php
2018.09.11 15:34 B C:\Users\redkey\Documents\Repositorios\AdministracionBluewolf\facturas_cobrar.php --> www.bluewolf.com.mx /public_html/admon/Test facturas_cobrar.php
2018.09.12 10:01 B C:\Users\redkey\Documents\Repositorios\AdministracionBluewolf\buscar.php --> www.bluewolf.com.mx /public_html/admon/Test buscar.php
2018.09.12 10:21 B C:\Users\redkey\Documents\Repositorios\AdministracionBluewolf\buscar.php --> www.bluewolf.com.mx /public_html/admon/Test buscar.php
2018.09.12 10:27 B C:\Users\redkey\Documents\Repositorios\AdministracionBluewolf\buscar.php --> www.bluewolf.com.mx /public_html/admon/Test buscar.php
2018.09.12 10:40 B C:\Users\redkey\Documents\Repositorios\AdministracionBluewolf\facturas_cobrar.php --> www.bluewolf.com.mx /public_html/admon/Test facturas_cobrar.php
2018.09.12 10:40 B C:\Users\redkey\Documents\Repositorios\AdministracionBluewolf\buscar.php --> www.bluewolf.com.mx /public_html/admon/Test buscar.php
2018.09.12 10:46 B C:\Users\redkey\Documents\Repositorios\AdministracionBluewolf\buscar.php --> www.bluewolf.com.mx /public_html/admon/Test buscar.php
2018.09.12 10:47 B C:\Users\redkey\Documents\Repositorios\AdministracionBluewolf\buscar.php --> www.bluewolf.com.mx /public_html/admon/Test buscar.php
2018.09.12 10:49 B C:\Users\redkey\Documents\Repositorios\AdministracionBluewolf\buscar.php --> www.bluewolf.com.mx /public_html/admon/Test buscar.php
2018.09.12 10:50 B C:\Users\redkey\Documents\Repositorios\AdministracionBluewolf\buscar.php --> www.bluewolf.com.mx /public_html/admon/Test buscar.php
2018.09.12 10:50 B C:\Users\redkey\Documents\Repositorios\AdministracionBluewolf\buscar.php --> www.bluewolf.com.mx /public_html/admon/Test buscar.php
2018.09.12 10:56 B C:\Users\redkey\Documents\Repositorios\AdministracionBluewolf\buscar.php --> www.bluewolf.com.mx /public_html/admon/Test buscar.php
2018.09.12 10:57 B C:\Users\redkey\Documents\Repositorios\AdministracionBluewolf\buscar.php --> www.bluewolf.com.mx /public_html/admon/Test buscar.php
2018.09.12 11:14 B C:\Users\redkey\Documents\Repositorios\AdministracionBluewolf\exportar_reportes.php --> www.bluewolf.com.mx /public_html/admon/Test exportar_reportes.php
2018.09.12 11:17 B C:\Users\redkey\Documents\Repositorios\AdministracionBluewolf\exportar_reportes.php --> www.bluewolf.com.mx /public_html/admon/Test exportar_reportes.php
2018.09.12 11:35 B C:\Users\redkey\Documents\Repositorios\AdministracionBluewolf\exportar_reportes.php --> www.bluewolf.com.mx /public_html/admon/new exportar_reportes.php
2018.09.12 11:35 B C:\Users\redkey\Documents\Repositorios\AdministracionBluewolf\buscar.php --> www.bluewolf.com.mx /public_html/admon/new buscar.php
2018.09.12 11:35 B C:\Users\redkey\Documents\Repositorios\AdministracionBluewolf\facturas_cobrar.php --> www.bluewolf.com.mx /public_html/admon/new facturas_cobrar.php
2018.09.17 11:16 B C:\Users\redkey\Documents\Repositorios\AdministracionBluewolf\proveedores.php --> www.bluewolf.com.mx /public_html/admon/Test proveedores.php
2018.09.17 11:16 B C:\Users\redkey\Documents\Repositorios\AdministracionBluewolf\menu_admin.php --> www.bluewolf.com.mx /public_html/admon/Test menu_admin.php
2018.09.17 11:17 B C:\Users\redkey\Documents\Repositorios\AdministracionBluewolf\menu_admin.php --> www.bluewolf.com.mx /public_html/admon/Test menu_admin.php
2018.09.17 11:17 B C:\Users\redkey\Documents\Repositorios\AdministracionBluewolf\proveedores.php --> www.bluewolf.com.mx /public_html/admon/Test proveedores.php
2018.09.17 11:19 B C:\Users\redkey\Documents\Repositorios\AdministracionBluewolf\proveedores.php --> www.bluewolf.com.mx /public_html/admon/Test proveedores.php
2018.09.17 11:45 B C:\Users\redkey\Documents\Repositorios\AdministracionBluewolf\adm_proveedores.php --> www.bluewolf.com.mx /public_html/admon/Test adm_proveedores.php
2018.09.17 11:46 B C:\Users\redkey\Documents\Repositorios\AdministracionBluewolf\menu_admin.php --> www.bluewolf.com.mx /public_html/admon/Test menu_admin.php
2018.09.17 12:45 B C:\Users\redkey\Documents\Repositorios\AdministracionBluewolf\adm_proveedores.php --> www.bluewolf.com.mx /public_html/admon/Test adm_proveedores.php
2018.09.17 12:45 B C:\Users\redkey\Documents\Repositorios\AdministracionBluewolf\adm_alta_proveedor.php --> www.bluewolf.com.mx /public_html/admon/Test adm_alta_proveedor.php
2018.09.17 12:47 B C:\Users\redkey\Documents\Repositorios\AdministracionBluewolf\adm_proveedores.php --> www.bluewolf.com.mx /public_html/admon/Test adm_proveedores.php
2018.09.17 12:48 B C:\Users\redkey\Documents\Repositorios\AdministracionBluewolf\adm_alta_proveedor.php --> www.bluewolf.com.mx /public_html/admon/Test adm_alta_proveedor.php
2018.09.17 12:48 B C:\Users\redkey\Documents\Repositorios\AdministracionBluewolf\adm_proveedores.php --> www.bluewolf.com.mx /public_html/admon/Test adm_proveedores.php
2018.09.17 13:01 B C:\Users\redkey\Documents\Repositorios\AdministracionBluewolf\adm_alta_proveedor.php --> www.bluewolf.com.mx /public_html/admon/Test adm_alta_proveedor.php
2018.09.17 13:02 B C:\Users\redkey\Documents\Repositorios\AdministracionBluewolf\adm_alta_proveedor.php --> www.bluewolf.com.mx /public_html/admon/Test adm_alta_proveedor.php
2018.09.17 13:03 B C:\Users\redkey\Documents\Repositorios\AdministracionBluewolf\adm_alta_proveedor.php --> www.bluewolf.com.mx /public_html/admon/Test adm_alta_proveedor.php
2018.09.17 13:04 B C:\Users\redkey\Documents\Repositorios\AdministracionBluewolf\adm_alta_proveedor.php --> www.bluewolf.com.mx /public_html/admon/new adm_alta_proveedor.php
2018.09.17 13:04 B C:\Users\redkey\Documents\Repositorios\AdministracionBluewolf\adm_proveedores.php --> www.bluewolf.com.mx /public_html/admon/new adm_proveedores.php
2018.09.17 13:04 B C:\Users\redkey\Documents\Repositorios\AdministracionBluewolf\menu_admin.php --> www.bluewolf.com.mx /public_html/admon/new menu_admin.php
2018.09.17 13:06 B C:\Users\redkey\Documents\Repositorios\AdministracionBluewolf\adm_proveedores.php --> www.bluewolf.com.mx /public_html/admon/Test adm_proveedores.php
2018.09.17 13:07 B C:\Users\redkey\Documents\Repositorios\AdministracionBluewolf\adm_proveedores.php --> www.bluewolf.com.mx /public_html/admon/Test adm_proveedores.php
2018.09.17 13:07 B C:\Users\redkey\Documents\Repositorios\AdministracionBluewolf\adm_proveedores.php --> www.bluewolf.com.mx /public_html/admon/Test adm_proveedores.php
2018.09.17 13:08 B C:\Users\redkey\Documents\Repositorios\AdministracionBluewolf\adm_proveedores.php --> www.bluewolf.com.mx /public_html/admon/Test adm_proveedores.php
2018.09.17 13:11 B C:\Users\redkey\Documents\Repositorios\AdministracionBluewolf\eliminar_proveedores.php --> www.bluewolf.com.mx /public_html/admon/Test eliminar_proveedores.php
2018.09.17 13:11 B C:\Users\redkey\Documents\Repositorios\AdministracionBluewolf\adm_proveedores.php --> www.bluewolf.com.mx /public_html/admon/Test adm_proveedores.php
2018.09.17 13:12 B C:\Users\redkey\Documents\Repositorios\AdministracionBluewolf\eliminar_proveedores.php --> www.bluewolf.com.mx /public_html/admon/Test eliminar_proveedores.php
2018.09.17 13:13 B C:\Users\redkey\Documents\Repositorios\AdministracionBluewolf\eliminar_proveedores.php --> www.bluewolf.com.mx /public_html/admon/new eliminar_proveedores.php
2018.09.17 13:13 B C:\Users\redkey\Documents\Repositorios\AdministracionBluewolf\adm_proveedores.php --> www.bluewolf.com.mx /public_html/admon/new adm_proveedores.php
2018.09.25 10:24 B C:\Users\redkey\Documents\Repositorios\AdministracionBluewolf\buscar.php --> www.bluewolf.com.mx /public_html/admon/Test buscar.php
2018.09.25 10:25 B C:\Users\redkey\Documents\Repositorios\AdministracionBluewolf\buscar.php --> www.bluewolf.com.mx /public_html/admon/Test buscar.php
2018.09.25 10:31 B C:\Users\redkey\Documents\Repositorios\AdministracionBluewolf\buscar.php --> www.bluewolf.com.mx /public_html/admon/Test buscar.php
2018.09.25 10:32 B C:\Users\redkey\Documents\Repositorios\AdministracionBluewolf\buscar.php --> www.bluewolf.com.mx /public_html/admon/Test buscar.php
2018.09.25 10:34 B C:\Users\redkey\Documents\Repositorios\AdministracionBluewolf\buscar.php --> www.bluewolf.com.mx /public_html/admon/Test buscar.php
2018.09.25 10:36 B C:\Users\redkey\Documents\Repositorios\AdministracionBluewolf\buscar.php --> www.bluewolf.com.mx /public_html/admon/Test buscar.php
2018.09.25 10:38 B C:\Users\redkey\Documents\Repositorios\AdministracionBluewolf\buscar.php --> www.bluewolf.com.mx /public_html/admon/Test buscar.php
2018.09.25 10:39 B C:\Users\redkey\Documents\Repositorios\AdministracionBluewolf\buscar.php --> www.bluewolf.com.mx /public_html/admon/Test buscar.php
2018.09.25 10:42 B C:\Users\redkey\Documents\Repositorios\AdministracionBluewolf\exportar_reportes.php --> www.bluewolf.com.mx /public_html/admon/Test exportar_reportes.php
2018.09.25 10:43 B C:\Users\redkey\Documents\Repositorios\AdministracionBluewolf\exportar_reportes.php --> www.bluewolf.com.mx /public_html/admon/Test exportar_reportes.php
2018.09.25 10:48 B C:\Users\redkey\Documents\Repositorios\AdministracionBluewolf\exportar_reportes.php --> www.bluewolf.com.mx /public_html/admon/Test exportar_reportes.php
2018.09.25 10:57 B C:\Users\redkey\Documents\Repositorios\AdministracionBluewolf\exportar_reportes.php --> www.bluewolf.com.mx /public_html/admon/Test exportar_reportes.php
2018.09.25 11:00 B C:\Users\redkey\Documents\Repositorios\AdministracionBluewolf\exportar_reportes.php --> www.bluewolf.com.mx /public_html/admon/Test exportar_reportes.php
2018.09.25 11:02 B C:\Users\redkey\Documents\Repositorios\AdministracionBluewolf\exportar_reportes.php --> www.bluewolf.com.mx /public_html/admon/Test exportar_reportes.php
2018.09.25 11:15 B C:\Users\redkey\Documents\Repositorios\AdministracionBluewolf\exportar_reportes.php --> www.bluewolf.com.mx /public_html/admon/Test exportar_reportes.php
2018.09.25 11:16 B C:\Users\redkey\Documents\Repositorios\AdministracionBluewolf\exportar_reportes.php --> www.bluewolf.com.mx /public_html/admon/Test exportar_reportes.php
2018.09.25 11:18 B C:\Users\redkey\Documents\Repositorios\AdministracionBluewolf\exportar_reportes.php --> www.bluewolf.com.mx /public_html/admon/Test exportar_reportes.php
2018.09.25 11:18 B C:\Users\redkey\Documents\Repositorios\AdministracionBluewolf\exportar_reportes.php --> www.bluewolf.com.mx /public_html/admon/Test exportar_reportes.php
2018.09.25 11:19 B C:\Users\redkey\Documents\Repositorios\AdministracionBluewolf\exportar_reportes.php --> www.bluewolf.com.mx /public_html/admon/Test exportar_reportes.php
2018.09.25 11:19 B C:\Users\redkey\Documents\Repositorios\AdministracionBluewolf\exportar_reportes.php --> www.bluewolf.com.mx /public_html/admon/Test exportar_reportes.php
2018.09.25 11:20 B C:\Users\redkey\Documents\Repositorios\AdministracionBluewolf\exportar_reportes.php --> www.bluewolf.com.mx /public_html/admon/Test exportar_reportes.php
2018.09.25 11:21 B C:\Users\redkey\Documents\Repositorios\AdministracionBluewolf\exportar_reportes.php --> www.bluewolf.com.mx /public_html/admon/Test exportar_reportes.php
2018.09.25 11:23 B C:\Users\redkey\Documents\Repositorios\AdministracionBluewolf\exportar_reportes.php --> www.bluewolf.com.mx /public_html/admon/Test exportar_reportes.php
2018.09.25 11:23 B C:\Users\redkey\Documents\Repositorios\AdministracionBluewolf\exportar_reportes.php --> www.bluewolf.com.mx /public_html/admon/Test exportar_reportes.php
2018.09.25 11:28 B C:\Users\redkey\Documents\Repositorios\AdministracionBluewolf\exportar_reportes.php --> www.bluewolf.com.mx /public_html/admon/Test exportar_reportes.php
2018.09.25 11:29 B C:\Users\redkey\Documents\Repositorios\AdministracionBluewolf\exportar_reportes.php --> www.bluewolf.com.mx /public_html/admon/Test exportar_reportes.php
2018.09.25 11:30 B C:\Users\redkey\Documents\Repositorios\AdministracionBluewolf\exportar_reportes.php --> www.bluewolf.com.mx /public_html/admon/Test exportar_reportes.php
2018.09.25 11:31 B C:\Users\redkey\Documents\Repositorios\AdministracionBluewolf\exportar_reportes.php --> www.bluewolf.com.mx /public_html/admon/Test exportar_reportes.php
2018.09.25 11:34 B C:\Users\redkey\Documents\Repositorios\AdministracionBluewolf\exportar_reportes.php --> www.bluewolf.com.mx /public_html/admon/new exportar_reportes.php
2018.09.25 11:34 B C:\Users\redkey\Documents\Repositorios\AdministracionBluewolf\buscar.php --> www.bluewolf.com.mx /public_html/admon/new buscar.php
2018.09.26 13:50 B C:\Users\redkey\Documents\Repositorios\AdministracionBluewolf\vista_viajes.php --> www.bluewolf.com.mx /public_html/admon/Test vista_viajes.php
2018.09.26 14:19 B C:\Users\redkey\Documents\Repositorios\AdministracionBluewolf\vista_viajes.php --> www.bluewolf.com.mx /public_html/admon/Test vista_viajes.php
2018.09.26 14:19 B C:\Users\redkey\Documents\Repositorios\AdministracionBluewolf\vista_viajes.php --> www.bluewolf.com.mx /public_html/admon/new vista_viajes.php
2018.10.02 12:56 B C:\Users\redkey\Documents\Repositorios\AdministracionBluewolf\facturas_cobrar.php --> www.bluewolf.com.mx /public_html/admon/AdministracionBlueWolf facturas_cobrar.php
2018.10.02 12:56 B C:\Users\redkey\Documents\Repositorios\AdministracionBluewolf\buscar.php --> www.bluewolf.com.mx /public_html/admon/AdministracionBlueWolf buscar.php
2018.10.02 12:58 B C:\Users\redkey\Documents\Repositorios\AdministracionBluewolf\buscar.php --> www.bluewolf.com.mx /public_html/admon/AdministracionBlueWolf buscar.php
2018.10.02 13:00 B C:\Users\redkey\Documents\Repositorios\AdministracionBluewolf\buscar.php --> www.bluewolf.com.mx /public_html/admon/new buscar.php
2018.10.02 13:01 B C:\Users\redkey\Documents\Repositorios\AdministracionBluewolf\buscar.php --> www.bluewolf.com.mx /public_html/admon/new buscar.php
2018.10.02 13:02 B C:\Users\redkey\Documents\Repositorios\AdministracionBluewolf\buscar.php --> www.bluewolf.com.mx /public_html/admon/new buscar.php
2018.10.02 13:04 B C:\Users\redkey\Documents\Repositorios\AdministracionBluewolf\buscar.php --> www.bluewolf.com.mx /public_html/admon/new buscar.php
2018.10.02 13:05 B C:\Users\redkey\Documents\Repositorios\AdministracionBluewolf\exportar_reportes.php --> www.bluewolf.com.mx /public_html/admon/new exportar_reportes.php
2018.10.03 10:51 B C:\Users\redkey\Documents\Repositorios\AdministracionBluewolf\r_facturas.php --> www.bluewolf.com.mx /public_html/admon/new r_facturas.php
2018.10.03 10:51 B C:\Users\redkey\Documents\Repositorios\AdministracionBluewolf\exportar_facturas.php --> www.bluewolf.com.mx /public_html/admon/new exportar_facturas.php
2018.10.03 10:51 B C:\Users\redkey\Documents\Repositorios\AdministracionBluewolf\r_facturas.php --> www.bluewolf.com.mx /public_html/admon/new r_facturas.php
2018.10.03 10:52 B C:\Users\redkey\Documents\Repositorios\AdministracionBluewolf\r_facturas.php --> www.bluewolf.com.mx /public_html/admon/Test r_facturas.php
2018.10.03 10:52 B C:\Users\redkey\Documents\Repositorios\AdministracionBluewolf\exportar_facturas.php --> www.bluewolf.com.mx /public_html/admon/Test exportar_facturas.php
2018.10.03 10:53 B C:\Users\redkey\Documents\Repositorios\AdministracionBluewolf\exportar_facturas.php --> www.bluewolf.com.mx /public_html/admon/Test exportar_facturas.php
2018.10.03 10:58 B C:\Users\redkey\Documents\Repositorios\AdministracionBluewolf\exportar_facturas.php --> www.bluewolf.com.mx /public_html/admon/Test exportar_facturas.php
2018.10.03 11:00 B C:\Users\redkey\Documents\Repositorios\AdministracionBluewolf\exportar_facturas.php --> www.bluewolf.com.mx /public_html/admon/Test exportar_facturas.php
2018.10.03 11:01 B C:\Users\redkey\Documents\Repositorios\AdministracionBluewolf\exportar_facturas.php --> www.bluewolf.com.mx /public_html/admon/Test exportar_facturas.php
2018.10.03 11:02 B C:\Users\redkey\Documents\Repositorios\AdministracionBluewolf\exportar_facturas.php --> www.bluewolf.com.mx /public_html/admon/Test exportar_facturas.php
2018.10.03 11:07 B C:\Users\redkey\Documents\Repositorios\AdministracionBluewolf\exportar_facturas.php --> www.bluewolf.com.mx /public_html/admon/Test exportar_facturas.php
2018.10.03 13:24 B C:\Users\redkey\Documents\Repositorios\AdministracionBluewolf\exportar_facturas.php --> www.bluewolf.com.mx /public_html/admon/Test exportar_facturas.php
2018.10.03 13:40 B C:\Users\redkey\Documents\Repositorios\AdministracionBluewolf\exportar_facturas.php --> www.bluewolf.com.mx /public_html/admon/Test exportar_facturas.php
2018.10.03 13:42 B C:\Users\redkey\Documents\Repositorios\AdministracionBluewolf\exportar_facturas.php --> www.bluewolf.com.mx /public_html/admon/Test exportar_facturas.php
2018.10.03 13:45 B C:\Users\redkey\Documents\Repositorios\AdministracionBluewolf\exportar_facturas.php --> www.bluewolf.com.mx /public_html/admon/Test exportar_facturas.php
2018.10.03 14:11 B C:\Users\redkey\Documents\Repositorios\AdministracionBluewolf\exportar_facturas.php --> www.bluewolf.com.mx /public_html/admon/Test exportar_facturas.php
2018.10.03 14:13 B C:\Users\redkey\Documents\Repositorios\AdministracionBluewolf\exportar_facturas.php --> www.bluewolf.com.mx /public_html/admon/Test exportar_facturas.php
2018.10.03 14:14 B C:\Users\redkey\Documents\Repositorios\AdministracionBluewolf\exportar_facturas.php --> www.bluewolf.com.mx /public_html/admon/Test exportar_facturas.php
2018.10.03 15:55 B C:\Users\redkey\Documents\Repositorios\AdministracionBluewolf\exportar_facturas.php --> www.bluewolf.com.mx /public_html/admon/Test exportar_facturas.php
2018.10.03 16:00 B C:\Users\redkey\Documents\Repositorios\AdministracionBluewolf\exportar_facturas.php --> www.bluewolf.com.mx /public_html/admon/Test exportar_facturas.php
2018.10.03 16:01 B C:\Users\redkey\Documents\Repositorios\AdministracionBluewolf\exportar_facturas.php --> www.bluewolf.com.mx /public_html/admon/Test exportar_facturas.php
2018.10.03 16:07 B C:\Users\redkey\Documents\Repositorios\AdministracionBluewolf\exportar_facturas.php --> www.bluewolf.com.mx /public_html/admon/Test exportar_facturas.php
2018.10.03 16:12 B C:\Users\redkey\Documents\Repositorios\AdministracionBluewolf\exportar_facturas.php --> www.bluewolf.com.mx /public_html/admon/Test exportar_facturas.php
2018.10.03 16:23 B C:\Users\redkey\Documents\Repositorios\AdministracionBluewolf\exportar_facturas.php --> www.bluewolf.com.mx /public_html/admon/Test exportar_facturas.php
2018.10.03 16:25 B C:\Users\redkey\Documents\Repositorios\AdministracionBluewolf\exportar_facturas.php --> www.bluewolf.com.mx /public_html/admon/Test exportar_facturas.php
2018.10.03 16:26 B C:\Users\redkey\Documents\Repositorios\AdministracionBluewolf\exportar_facturas.php --> www.bluewolf.com.mx /public_html/admon/Test exportar_facturas.php
2018.10.03 16:27 B C:\Users\redkey\Documents\Repositorios\AdministracionBluewolf\exportar_facturas.php --> www.bluewolf.com.mx /public_html/admon/Test exportar_facturas.php
2018.10.03 16:27 B C:\Users\redkey\Documents\Repositorios\AdministracionBluewolf\exportar_facturas.php --> www.bluewolf.com.mx /public_html/admon/Test exportar_facturas.php
2018.10.03 16:35 B C:\Users\redkey\Documents\Repositorios\AdministracionBluewolf\exportar_facturas.php --> www.bluewolf.com.mx /public_html/admon/Test exportar_facturas.php
2018.10.03 16:40 B C:\Users\redkey\Documents\Repositorios\AdministracionBluewolf\exportar_facturas.php --> www.bluewolf.com.mx /public_html/admon/Test exportar_facturas.php
2018.10.03 16:42 B C:\Users\redkey\Documents\Repositorios\AdministracionBluewolf\exportar_facturas.php --> www.bluewolf.com.mx /public_html/admon/Test exportar_facturas.php
2018.10.03 16:54 B C:\Users\redkey\Documents\Repositorios\AdministracionBluewolf\exportar_facturas.php --> www.bluewolf.com.mx /public_html/admon/Test exportar_facturas.php
2018.10.03 16:56 B C:\Users\redkey\Documents\Repositorios\AdministracionBluewolf\exportar_facturas.php --> www.bluewolf.com.mx /public_html/admon/Test exportar_facturas.php
2018.10.03 16:57 B C:\Users\redkey\Documents\Repositorios\AdministracionBluewolf\exportar_facturas.php --> www.bluewolf.com.mx /public_html/admon/Test exportar_facturas.php
2018.10.03 16:58 B C:\Users\redkey\Documents\Repositorios\AdministracionBluewolf\exportar_facturas.php --> www.bluewolf.com.mx /public_html/admon/Test exportar_facturas.php
2018.10.03 16:58 B C:\Users\redkey\Documents\Repositorios\AdministracionBluewolf\exportar_facturas.php --> www.bluewolf.com.mx /public_html/admon/Test exportar_facturas.php
2018.10.03 17:01 B C:\Users\redkey\Documents\Repositorios\AdministracionBluewolf\exportar_facturas.php --> www.bluewolf.com.mx /public_html/admon/Test exportar_facturas.php
2018.10.03 17:02 B C:\Users\redkey\Documents\Repositorios\AdministracionBluewolf\exportar_facturas.php --> www.bluewolf.com.mx /public_html/admon/Test exportar_facturas.php
2018.10.03 17:05 B C:\Users\redkey\Documents\Repositorios\AdministracionBluewolf\exportar_facturas.php --> www.bluewolf.com.mx /public_html/admon/Test exportar_facturas.php
2018.10.03 17:05 B C:\Users\redkey\Documents\Repositorios\AdministracionBluewolf\exportar_facturas.php --> www.bluewolf.com.mx /public_html/admon/Test exportar_facturas.php
2018.10.04 12:37 B C:\Users\redkey\Documents\Repositorios\AdministracionBluewolf\exportar_facturas.php --> www.bluewolf.com.mx /public_html/admon/Test exportar_facturas.php
2018.10.04 12:38 B C:\Users\redkey\Documents\Repositorios\AdministracionBluewolf\exportar_facturas.php --> www.bluewolf.com.mx /public_html/admon/Test exportar_facturas.php
2018.10.04 12:57 B C:\Users\redkey\Documents\Repositorios\AdministracionBluewolf\exportar_facturas.php --> www.bluewolf.com.mx /public_html/admon/Test exportar_facturas.php
2018.10.04 12:57 B C:\Users\redkey\Documents\Repositorios\AdministracionBluewolf\exportar_facturas.php --> www.bluewolf.com.mx /public_html/admon/Test exportar_facturas.php
2018.10.04 13:06 B C:\Users\redkey\Documents\Repositorios\AdministracionBluewolf\exportar_facturas.php --> www.bluewolf.com.mx /public_html/admon/Test exportar_facturas.php
2018.10.04 13:08 B C:\Users\redkey\Documents\Repositorios\AdministracionBluewolf\exportar_facturas.php --> www.bluewolf.com.mx /public_html/admon/Test exportar_facturas.php
2018.10.04 13:15 B C:\Users\redkey\Documents\Repositorios\AdministracionBluewolf\exportar_facturas.php --> www.bluewolf.com.mx /public_html/admon/Test exportar_facturas.php
2018.10.04 13:17 B C:\Users\redkey\Documents\Repositorios\AdministracionBluewolf\exportar_facturas.php --> www.bluewolf.com.mx /public_html/admon/Test exportar_facturas.php
2018.10.04 13:19 B C:\Users\redkey\Documents\Repositorios\AdministracionBluewolf\exportar_facturas.php --> www.bluewolf.com.mx /public_html/admon/Test exportar_facturas.php
2018.10.04 13:22 B C:\Users\redkey\Documents\Repositorios\AdministracionBluewolf\exportar_facturas.php --> www.bluewolf.com.mx /public_html/admon/Test exportar_facturas.php
2018.10.04 13:23 B C:\Users\redkey\Documents\Repositorios\AdministracionBluewolf\exportar_facturas.php --> www.bluewolf.com.mx /public_html/admon/Test exportar_facturas.php
2018.10.04 13:37 B C:\Users\redkey\Documents\Repositorios\AdministracionBluewolf\exportar_facturas.php --> www.bluewolf.com.mx /public_html/admon/Test exportar_facturas.php
2018.10.04 13:42 B C:\Users\redkey\Documents\Repositorios\AdministracionBluewolf\exportar_facturas.php --> www.bluewolf.com.mx /public_html/admon/Test exportar_facturas.php
2018.10.04 13:46 B C:\Users\redkey\Documents\Repositorios\AdministracionBluewolf\exportar_facturas.php --> www.bluewolf.com.mx /public_html/admon/Test exportar_facturas.php
2018.10.04 13:48 B C:\Users\redkey\Documents\Repositorios\AdministracionBluewolf\exportar_facturas.php --> www.bluewolf.com.mx /public_html/admon/Test exportar_facturas.php
2018.10.04 14:15 B C:\Users\redkey\Documents\Repositorios\AdministracionBluewolf\exportar_facturas.php --> www.bluewolf.com.mx /public_html/admon/Test exportar_facturas.php
2018.10.04 14:26 B C:\Users\redkey\Documents\Repositorios\AdministracionBluewolf\exportar_facturas.php --> www.bluewolf.com.mx /public_html/admon/Test exportar_facturas.php
2018.10.04 14:26 B C:\Users\redkey\Documents\Repositorios\AdministracionBluewolf\exportar_facturas.php --> www.bluewolf.com.mx /public_html/admon/Test exportar_facturas.php
2018.10.04 14:28 B C:\Users\redkey\Documents\Repositorios\AdministracionBluewolf\exportar_facturas.php --> www.bluewolf.com.mx /public_html/admon/Test exportar_facturas.php
2018.10.04 14:28 B C:\Users\redkey\Documents\Repositorios\AdministracionBluewolf\exportar_facturas.php --> www.bluewolf.com.mx /public_html/admon/Test exportar_facturas.php
2018.10.04 14:32 B C:\Users\redkey\Documents\Repositorios\AdministracionBluewolf\exportar_facturas.php --> www.bluewolf.com.mx /public_html/admon/Test exportar_facturas.php
2018.10.04 14:32 B C:\Users\redkey\Documents\Repositorios\AdministracionBluewolf\exportar_facturas.php --> www.bluewolf.com.mx /public_html/admon/Test exportar_facturas.php
2018.10.04 14:39 B C:\Users\redkey\Documents\Repositorios\AdministracionBluewolf\exportar_facturas.php --> www.bluewolf.com.mx /public_html/admon/Test exportar_facturas.php
2018.10.04 14:42 B C:\Users\redkey\Documents\Repositorios\AdministracionBluewolf\exportar_facturas.php --> www.bluewolf.com.mx /public_html/admon/Test exportar_facturas.php
2018.10.04 14:43 B C:\Users\redkey\Documents\Repositorios\AdministracionBluewolf\exportar_facturas.php --> www.bluewolf.com.mx /public_html/admon/Test exportar_facturas.php
2018.10.04 15:01 B C:\Users\redkey\Documents\Repositorios\AdministracionBluewolf\exportar_facturas.php --> www.bluewolf.com.mx /public_html/admon/Test exportar_facturas.php
2018.10.04 15:04 B C:\Users\redkey\Documents\Repositorios\AdministracionBluewolf\exportar_facturas.php --> www.bluewolf.com.mx /public_html/admon/Test exportar_facturas.php
2018.10.04 15:16 B C:\Users\redkey\Documents\Repositorios\AdministracionBluewolf\exportar_facturas.php --> www.bluewolf.com.mx /public_html/admon/Test exportar_facturas.php
2018.10.04 15:17 B C:\Users\redkey\Documents\Repositorios\AdministracionBluewolf\exportar_facturas.php --> www.bluewolf.com.mx /public_html/admon/Test exportar_facturas.php
