2016.05.09 12:16 B C:\Users\redkey\Google Drive 2\et_firmas\webservice\models\ApiResponse.php <-- ETestrategia /webservice/models ApiResponse.php
2016.05.09 12:16 B C:\Users\redkey\Google Drive 2\et_firmas\webservice\models\CredentialModel.php <-- ETestrategia /webservice/models CredentialModel.php
2016.05.09 12:16 B C:\Users\redkey\Google Drive 2\et_firmas\webservice\models\UserModel.php <-- ETestrategia /webservice/models UserModel.php
2017.11.29 10:20 B C:\Users\BlueWolf\Google Drive\et_firmas\webservice\models\ApiResponse.php --> www.bluewolf.com.mx /public_html/admon/new/webservice2/models ApiResponse.php
2017.11.29 10:20 B C:\Users\BlueWolf\Google Drive\et_firmas\webservice\models\CredentialModel.php --> www.bluewolf.com.mx /public_html/admon/new/webservice2/models CredentialModel.php
2017.11.29 10:20 B C:\Users\BlueWolf\Google Drive\et_firmas\webservice\models\desktop.ini --> www.bluewolf.com.mx /public_html/admon/new/webservice2/models desktop.ini
2017.11.29 10:20 B C:\Users\BlueWolf\Google Drive\et_firmas\webservice\models\UserModel.php --> www.bluewolf.com.mx /public_html/admon/new/webservice2/models UserModel.php
2017.11.29 10:20 B C:\Users\BlueWolf\Google Drive\et_firmas\webservice\models\WS_FTP.LOG --> www.bluewolf.com.mx /public_html/admon/new/webservice2/models WS_FTP.LOG
2017.11.29 11:22 B C:\Users\BlueWolf\Proyectos Xamarin\webservice\models\UserModel.php --> www.bluewolf.com.mx /public_html/admon/new/webservice2/models UserModel.php
2017.11.29 12:03 B C:\Users\BlueWolf\Proyectos Xamarin\webservice\models\ApiResponse.php --> www.bluewolf.com.mx /public_html/admon/new/webservice2/models ApiResponse.php
2017.11.29 12:17 B C:\Users\BlueWolf\Proyectos Xamarin\webservice\models\WS_FTP.LOG --> www.bluewolf.com.mx /public_html/admon/new/webservice2/models WS_FTP.LOG
2017.11.29 12:17 B C:\Users\BlueWolf\Proyectos Xamarin\webservice\models\ApiResponse.php --> www.bluewolf.com.mx /public_html/admon/new/webservice2/models ApiResponse.php
2017.11.29 12:17 B C:\Users\BlueWolf\Proyectos Xamarin\webservice\models\UserModel.php --> www.bluewolf.com.mx /public_html/admon/new/webservice2/models UserModel.php
2017.11.29 12:17 B C:\Users\BlueWolf\Proyectos Xamarin\webservice\models\desktop.ini --> www.bluewolf.com.mx /public_html/admon/new/webservice2/models desktop.ini
2017.11.29 12:41 B C:\Users\BlueWolf\Proyectos Xamarin\webservice\models\WS_FTP.LOG --> www.bluewolf.com.mx /public_html/admon/new/webservice2/models WS_FTP.LOG
2017.11.29 12:41 B C:\Users\BlueWolf\Proyectos Xamarin\webservice\models\ApiResponse.php --> www.bluewolf.com.mx /public_html/admon/new/webservice2/models ApiResponse.php
2017.11.29 12:41 B C:\Users\BlueWolf\Proyectos Xamarin\webservice\models\UserModel.php --> www.bluewolf.com.mx /public_html/admon/new/webservice2/models UserModel.php
2017.11.29 12:41 B C:\Users\BlueWolf\Proyectos Xamarin\webservice\models\desktop.ini --> www.bluewolf.com.mx /public_html/admon/new/webservice2/models desktop.ini
2017.11.29 12:46 B C:\Users\BlueWolf\Proyectos Xamarin\webservice\models\ApiResponse.php --> www.bluewolf.com.mx /public_html/admon/new/webservice2/models ApiResponse.php
2017.11.29 12:46 B C:\Users\BlueWolf\Proyectos Xamarin\webservice\models\ApiResponse.php --> www.bluewolf.com.mx /public_html/admon/new/webservice2/models ApiResponse.php
2017.11.29 12:46 B C:\Users\BlueWolf\Proyectos Xamarin\webservice\models\ApiResponse.php --> www.bluewolf.com.mx /public_html/admon/new/webservice2/models ApiResponse.php
2017.11.29 12:56 B C:\Users\BlueWolf\Proyectos Xamarin\webservice\models\UserModel.php --> www.bluewolf.com.mx /public_html/admon/new/webservice2/models UserModel.php
2017.11.29 12:56 B C:\Users\BlueWolf\Proyectos Xamarin\webservice\models\UserModel.php --> www.bluewolf.com.mx /public_html/admon/new/webservice2/models UserModel.php
2017.11.29 12:56 B C:\Users\BlueWolf\Proyectos Xamarin\webservice\models\UserModel.php --> www.bluewolf.com.mx /public_html/admon/new/webservice2/models UserModel.php
2017.11.29 13:02 B C:\Users\BlueWolf\Proyectos Xamarin\webservice\models\ApiResponse.php --> www.bluewolf.com.mx /public_html/admon/new/webservice2/models ApiResponse.php
2017.11.29 13:03 B C:\Users\BlueWolf\Proyectos Xamarin\webservice\models\ApiResponse.php --> www.bluewolf.com.mx /public_html/admon/new/webservice2/models ApiResponse.php
2017.11.29 13:03 B C:\Users\BlueWolf\Proyectos Xamarin\webservice\models\ApiResponse.php --> www.bluewolf.com.mx /public_html/admon/new/webservice2/models ApiResponse.php
2017.11.29 13:05 B C:\Users\BlueWolf\Proyectos Xamarin\webservice\models\ApiResponse.php --> www.bluewolf.com.mx /public_html/admon/new/webservice2/models ApiResponse.php
2017.11.29 13:06 B C:\Users\BlueWolf\Proyectos Xamarin\webservice\models\ApiResponse.php --> www.bluewolf.com.mx /public_html/admon/new/webservice2/models ApiResponse.php
2017.11.29 13:17 B C:\Users\BlueWolf\Proyectos Xamarin\webservice\models\UserModel.php --> www.bluewolf.com.mx /public_html/admon/new/webservice2/models UserModel.php
2018.01.18 09:48 B C:\wamp\www\admon\new\webservice2\models\WS_FTP.LOG <-- bluewolf BLUEHOST /public_html/admon/new/webservice2/models WS_FTP.LOG
2018.09.11 13:17 B C:\Users\redkey\Documents\Repositorios\AdministracionBluewolf\webservice2\models\ApiResponse.php --> www.bluewolf.com.mx /public_html/admon/Test/webservice2/models ApiResponse.php
2018.09.11 13:17 B C:\Users\redkey\Documents\Repositorios\AdministracionBluewolf\webservice2\models\UserModel.php --> www.bluewolf.com.mx /public_html/admon/Test/webservice2/models UserModel.php
2018.09.11 13:17 B C:\Users\redkey\Documents\Repositorios\AdministracionBluewolf\webservice2\models\WS_FTP.LOG --> www.bluewolf.com.mx /public_html/admon/Test/webservice2/models WS_FTP.LOG
