2016.05.09 12:16 B C:\Users\redkey\Google Drive 2\et_firmas\webservice\services\CredentialsService.php <-- ETestrategia /webservice/services CredentialsService.php
2016.05.09 12:16 B C:\Users\redkey\Google Drive 2\et_firmas\webservice\services\UsersService.php <-- ETestrategia /webservice/services UsersService.php
2017.11.29 10:20 B C:\Users\BlueWolf\Google Drive\et_firmas\webservice\services\CredentialsService.php --> www.bluewolf.com.mx /public_html/admon/new/webservice2/services CredentialsService.php
2017.11.29 10:20 B C:\Users\BlueWolf\Google Drive\et_firmas\webservice\services\desktop.ini --> www.bluewolf.com.mx /public_html/admon/new/webservice2/services desktop.ini
2017.11.29 10:20 B C:\Users\BlueWolf\Google Drive\et_firmas\webservice\services\UsersService.php --> www.bluewolf.com.mx /public_html/admon/new/webservice2/services UsersService.php
2017.11.29 10:20 B C:\Users\BlueWolf\Google Drive\et_firmas\webservice\services\WS_FTP.LOG --> www.bluewolf.com.mx /public_html/admon/new/webservice2/services WS_FTP.LOG
2017.11.29 11:22 B C:\Users\BlueWolf\Proyectos Xamarin\webservice\services\UsersService.php --> www.bluewolf.com.mx /public_html/admon/new/webservice2/services UsersService.php
2017.11.29 11:41 B C:\Users\BlueWolf\Proyectos Xamarin\webservice\services\UsersService.php --> www.bluewolf.com.mx /public_html/admon/new/webservice2 UsersService.php
2017.11.29 11:41 B C:\Users\BlueWolf\Proyectos Xamarin\webservice\services\UsersService.php --> www.bluewolf.com.mx /public_html/admon/new/webservice2/services UsersService.php
2017.11.29 11:46 B C:\Users\BlueWolf\Proyectos Xamarin\webservice\services\UsersService.php --> www.bluewolf.com.mx /public_html/admon/new/webservice2/services UsersService.php
2017.11.29 11:46 B C:\Users\BlueWolf\Proyectos Xamarin\webservice\services\UsersService.php --> www.bluewolf.com.mx /public_html/admon/new/webservice2/services UsersService.php
2017.11.29 11:58 B C:\Users\BlueWolf\Proyectos Xamarin\webservice\services\UsersService.php --> www.bluewolf.com.mx /public_html/admon/new/webservice2/services UsersService.php
2017.11.29 12:03 B C:\Users\BlueWolf\Proyectos Xamarin\webservice\services\UsersService.php --> www.bluewolf.com.mx /public_html/admon/new/webservice2/services UsersService.php
2017.11.29 12:10 B C:\Users\BlueWolf\Proyectos Xamarin\webservice\services\UsersService.php --> www.bluewolf.com.mx /public_html/admon/new/webservice2/services UsersService.php
2017.11.29 12:13 B C:\Users\BlueWolf\Proyectos Xamarin\webservice\services\UsersService.php --> www.bluewolf.com.mx /public_html/admon/new/webservice2/services UsersService.php
2017.11.29 12:17 B C:\Users\BlueWolf\Proyectos Xamarin\webservice\services\WS_FTP.LOG --> www.bluewolf.com.mx /public_html/admon/new/webservice2/services WS_FTP.LOG
2017.11.29 12:17 B C:\Users\BlueWolf\Proyectos Xamarin\webservice\services\UsersService.php --> www.bluewolf.com.mx /public_html/admon/new/webservice2/services UsersService.php
2017.11.29 12:17 B C:\Users\BlueWolf\Proyectos Xamarin\webservice\services\desktop.ini --> www.bluewolf.com.mx /public_html/admon/new/webservice2/services desktop.ini
2017.11.29 12:40 B C:\Users\BlueWolf\Proyectos Xamarin\webservice\services\UsersService.php --> www.bluewolf.com.mx /public_html/admon/new/webservice2/services UsersService.php
2017.11.29 12:41 B C:\Users\BlueWolf\Proyectos Xamarin\webservice\services\WS_FTP.LOG --> www.bluewolf.com.mx /public_html/admon/new/webservice2/services WS_FTP.LOG
2017.11.29 12:41 B C:\Users\BlueWolf\Proyectos Xamarin\webservice\services\UsersService.php --> www.bluewolf.com.mx /public_html/admon/new/webservice2/services UsersService.php
2017.11.29 12:41 B C:\Users\BlueWolf\Proyectos Xamarin\webservice\services\desktop.ini --> www.bluewolf.com.mx /public_html/admon/new/webservice2/services desktop.ini
2017.11.29 13:14 B C:\Users\BlueWolf\Proyectos Xamarin\webservice\services\UsersService.php --> www.bluewolf.com.mx /public_html/admon/new/webservice2/services UsersService.php
2017.11.29 13:15 B C:\Users\BlueWolf\Proyectos Xamarin\webservice\services\UsersService.php --> www.bluewolf.com.mx /public_html/admon/new/webservice2/services UsersService.php
2017.11.29 13:16 B C:\Users\BlueWolf\Proyectos Xamarin\webservice\services\UsersService.php --> www.bluewolf.com.mx /public_html/admon/new/webservice2/services UsersService.php
2018.01.18 09:48 B C:\wamp\www\admon\new\webservice2\services\WS_FTP.LOG <-- bluewolf BLUEHOST /public_html/admon/new/webservice2/services WS_FTP.LOG
2018.09.18 16:37 B C:\Users\redkey\Documents\Repositorios\AdministracionBluewolf\webservice2\services\UsersService.php --> www.bluewolf.com.mx /public_html/admon/Test/webservice2/services UsersService.php
2018.09.18 16:37 B C:\Users\redkey\Documents\Repositorios\AdministracionBluewolf\webservice2\services\WS_FTP.LOG --> www.bluewolf.com.mx /public_html/admon/Test/webservice2/services WS_FTP.LOG
2018.09.18 16:40 B C:\Users\redkey\Documents\Repositorios\AdministracionBluewolf\webservice2\services\UsersService.php --> www.bluewolf.com.mx /public_html/admon/Test/webservice2/services UsersService.php
