2016.05.09 12:16 B C:\Users\redkey\Google Drive 2\et_firmas\webservice\api\auth.php <-- ETestrategia /webservice/api auth.php
2016.05.09 12:16 B C:\Users\redkey\Google Drive 2\et_firmas\webservice\api\error_log <-- ETestrategia /webservice/api error_log
2016.05.09 12:16 B C:\Users\redkey\Google Drive 2\et_firmas\webservice\api\sync.php <-- ETestrategia /webservice/api sync.php
2017.11.29 10:20 B C:\Users\BlueWolf\Google Drive\et_firmas\webservice\api\auth.php --> www.bluewolf.com.mx /public_html/admon/new/webservice2/api auth.php
2017.11.29 10:20 B C:\Users\BlueWolf\Google Drive\et_firmas\webservice\api\desktop.ini --> www.bluewolf.com.mx /public_html/admon/new/webservice2/api desktop.ini
2017.11.29 10:20 B C:\Users\BlueWolf\Google Drive\et_firmas\webservice\api\error_log --> www.bluewolf.com.mx /public_html/admon/new/webservice2/api error_log
2017.11.29 10:20 B C:\Users\BlueWolf\Google Drive\et_firmas\webservice\api\sync.php --> www.bluewolf.com.mx /public_html/admon/new/webservice2/api sync.php
2017.11.29 10:20 B C:\Users\BlueWolf\Google Drive\et_firmas\webservice\api\WS_FTP.LOG --> www.bluewolf.com.mx /public_html/admon/new/webservice2/api WS_FTP.LOG
2017.11.29 11:22 B C:\Users\BlueWolf\Proyectos Xamarin\webservice\api\auth.php --> www.bluewolf.com.mx /public_html/admon/new/webservice2/api auth.php
2017.11.29 11:41 B C:\Users\BlueWolf\Proyectos Xamarin\webservice\api\auth.php --> www.bluewolf.com.mx /public_html/admon/new/webservice2/api auth.php
2017.11.29 11:46 B C:\Users\BlueWolf\Proyectos Xamarin\webservice\api\auth.php --> www.bluewolf.com.mx /public_html/admon/new/webservice2/api auth.php
2017.11.29 11:46 B C:\Users\BlueWolf\Proyectos Xamarin\webservice\api\auth.php --> www.bluewolf.com.mx /public_html/admon/new/webservice2/api auth.php
2017.11.29 11:52 B C:\Users\BlueWolf\Proyectos Xamarin\webservice\api\auth.php --> www.bluewolf.com.mx /public_html/admon/new/webservice2/api auth.php
2017.11.29 11:52 B C:\Users\BlueWolf\Proyectos Xamarin\webservice\api\sync.php --> www.bluewolf.com.mx /public_html/admon/new/webservice2/api sync.php
2017.11.29 12:02 B C:\Users\BlueWolf\Proyectos Xamarin\webservice\api\auth.php --> www.bluewolf.com.mx /public_html/admon/new/webservice2/api auth.php
2017.11.29 12:04 B C:\Users\BlueWolf\Proyectos Xamarin\webservice\api\auth.php --> www.bluewolf.com.mx /public_html/admon/new/webservice2/api auth.php
2017.11.29 12:15 B C:\Users\BlueWolf\Proyectos Xamarin\webservice\api\auth.php --> www.bluewolf.com.mx /public_html/admon/new/webservice2/api auth.php
2017.11.29 12:17 B C:\Users\BlueWolf\Proyectos Xamarin\webservice\api\WS_FTP.LOG --> www.bluewolf.com.mx /public_html/admon/new/webservice2/api WS_FTP.LOG
2017.11.29 12:17 B C:\Users\BlueWolf\Proyectos Xamarin\webservice\api\auth.php --> www.bluewolf.com.mx /public_html/admon/new/webservice2/api auth.php
2017.11.29 12:17 B C:\Users\BlueWolf\Proyectos Xamarin\webservice\api\desktop.ini --> www.bluewolf.com.mx /public_html/admon/new/webservice2/api desktop.ini
2017.11.29 12:17 B C:\Users\BlueWolf\Proyectos Xamarin\webservice\api\error_log --> www.bluewolf.com.mx /public_html/admon/new/webservice2/api error_log
2017.11.29 12:41 B C:\Users\BlueWolf\Proyectos Xamarin\webservice\api\WS_FTP.LOG --> www.bluewolf.com.mx /public_html/admon/new/webservice2/api WS_FTP.LOG
2017.11.29 12:41 B C:\Users\BlueWolf\Proyectos Xamarin\webservice\api\auth.php --> www.bluewolf.com.mx /public_html/admon/new/webservice2/api auth.php
2017.11.29 12:41 B C:\Users\BlueWolf\Proyectos Xamarin\webservice\api\desktop.ini --> www.bluewolf.com.mx /public_html/admon/new/webservice2/api desktop.ini
2017.11.29 12:41 B C:\Users\BlueWolf\Proyectos Xamarin\webservice\api\error_log --> www.bluewolf.com.mx /public_html/admon/new/webservice2/api error_log
2017.11.29 12:54 B C:\Users\BlueWolf\Proyectos Xamarin\webservice\api\auth.php --> www.bluewolf.com.mx /public_html/admon/new/webservice2/api auth.php
2017.11.29 13:06 B C:\Users\BlueWolf\Proyectos Xamarin\webservice\api\auth.php --> www.bluewolf.com.mx /public_html/admon/new/webservice2/api auth.php
2018.01.18 09:48 B C:\wamp\www\admon\new\webservice2\api\WS_FTP.LOG <-- bluewolf BLUEHOST /public_html/admon/new/webservice2/api WS_FTP.LOG
