2018.01.18 09:48 B C:\wamp\www\admon\new\images\admiracion.png <-- bluewolf BLUEHOST /public_html/admon/new/images admiracion.png
2018.01.18 09:48 B C:\wamp\www\admon\new\images\bg.jpg <-- bluewolf BLUEHOST /public_html/admon/new/images bg.jpg
2018.01.18 09:48 B C:\wamp\www\admon\new\images\bg1.jpg <-- bluewolf BLUEHOST /public_html/admon/new/images bg1.jpg
2018.01.18 09:48 B C:\wamp\www\admon\new\images\bg2.jpg <-- bluewolf BLUEHOST /public_html/admon/new/images bg2.jpg
2018.01.18 09:48 B C:\wamp\www\admon\new\images\close.gif <-- bluewolf BLUEHOST /public_html/admon/new/images close.gif
2018.01.18 09:48 B C:\wamp\www\admon\new\images\descarga.png <-- bluewolf BLUEHOST /public_html/admon/new/images descarga.png
2018.01.18 09:48 B C:\wamp\www\admon\new\images\desktop.ini <-- bluewolf BLUEHOST /public_html/admon/new/images desktop.ini
2018.01.18 09:48 B C:\wamp\www\admon\new\images\overlay.png <-- bluewolf BLUEHOST /public_html/admon/new/images overlay.png
2018.01.18 09:48 B C:\wamp\www\admon\new\images\pic01.jpg <-- bluewolf BLUEHOST /public_html/admon/new/images pic01.jpg
2018.01.18 09:48 B C:\wamp\www\admon\new\images\pic02.jpg <-- bluewolf BLUEHOST /public_html/admon/new/images pic02.jpg
2018.01.18 09:48 B C:\wamp\www\admon\new\images\pic03.jpg <-- bluewolf BLUEHOST /public_html/admon/new/images pic03.jpg
2018.01.18 09:48 B C:\wamp\www\admon\new\images\pic04.jpg <-- bluewolf BLUEHOST /public_html/admon/new/images pic04.jpg
2018.01.18 09:48 B C:\wamp\www\admon\new\images\pic05.jpg <-- bluewolf BLUEHOST /public_html/admon/new/images pic05.jpg
2018.01.18 09:48 B C:\wamp\www\admon\new\images\pic06.jpg <-- bluewolf BLUEHOST /public_html/admon/new/images pic06.jpg
2018.01.18 09:48 B C:\wamp\www\admon\new\images\pic07.jpg <-- bluewolf BLUEHOST /public_html/admon/new/images pic07.jpg
2018.01.18 09:48 B C:\wamp\www\admon\new\images\pic08.jpg <-- bluewolf BLUEHOST /public_html/admon/new/images pic08.jpg
2018.01.18 09:48 B C:\wamp\www\admon\new\images\pic09.jpg <-- bluewolf BLUEHOST /public_html/admon/new/images pic09.jpg
2018.08.31 13:45 B C:\Users\redkey\Documents\Repositorios\AdministracionBluewolf\images\WS_FTP.LOG --> www.bluewolf.com.mx /public_html/admon/AdministracionBlueWolf/images WS_FTP.LOG
2018.08.31 13:45 B C:\Users\redkey\Documents\Repositorios\AdministracionBluewolf\images\close.gif --> www.bluewolf.com.mx /public_html/admon/AdministracionBlueWolf/images close.gif
2018.08.31 13:45 B C:\Users\redkey\Documents\Repositorios\AdministracionBluewolf\images\admiracion.png --> www.bluewolf.com.mx /public_html/admon/AdministracionBlueWolf/images admiracion.png
2018.08.31 13:45 B C:\Users\redkey\Documents\Repositorios\AdministracionBluewolf\images\descarga.png --> www.bluewolf.com.mx /public_html/admon/AdministracionBlueWolf/images descarga.png
2018.08.31 13:45 B C:\Users\redkey\Documents\Repositorios\AdministracionBluewolf\images\pic09.jpg --> www.bluewolf.com.mx /public_html/admon/AdministracionBlueWolf/images pic09.jpg
2018.08.31 13:45 B C:\Users\redkey\Documents\Repositorios\AdministracionBluewolf\images\pic08.jpg --> www.bluewolf.com.mx /public_html/admon/AdministracionBlueWolf/images pic08.jpg
2018.08.31 13:45 B C:\Users\redkey\Documents\Repositorios\AdministracionBluewolf\images\pic07.jpg --> www.bluewolf.com.mx /public_html/admon/AdministracionBlueWolf/images pic07.jpg
2018.08.31 13:45 B C:\Users\redkey\Documents\Repositorios\AdministracionBluewolf\images\pic06.jpg --> www.bluewolf.com.mx /public_html/admon/AdministracionBlueWolf/images pic06.jpg
2018.08.31 13:45 B C:\Users\redkey\Documents\Repositorios\AdministracionBluewolf\images\pic05.jpg --> www.bluewolf.com.mx /public_html/admon/AdministracionBlueWolf/images pic05.jpg
2018.08.31 13:45 B C:\Users\redkey\Documents\Repositorios\AdministracionBluewolf\images\pic04.jpg --> www.bluewolf.com.mx /public_html/admon/AdministracionBlueWolf/images pic04.jpg
2018.08.31 13:45 B C:\Users\redkey\Documents\Repositorios\AdministracionBluewolf\images\pic03.jpg --> www.bluewolf.com.mx /public_html/admon/AdministracionBlueWolf/images pic03.jpg
2018.08.31 13:45 B C:\Users\redkey\Documents\Repositorios\AdministracionBluewolf\images\pic02.jpg --> www.bluewolf.com.mx /public_html/admon/AdministracionBlueWolf/images pic02.jpg
2018.08.31 13:45 B C:\Users\redkey\Documents\Repositorios\AdministracionBluewolf\images\pic01.jpg --> www.bluewolf.com.mx /public_html/admon/AdministracionBlueWolf/images pic01.jpg
2018.08.31 13:45 B C:\Users\redkey\Documents\Repositorios\AdministracionBluewolf\images\overlay.png --> www.bluewolf.com.mx /public_html/admon/AdministracionBlueWolf/images overlay.png
2018.08.31 13:45 B C:\Users\redkey\Documents\Repositorios\AdministracionBluewolf\images\bg2.jpg --> www.bluewolf.com.mx /public_html/admon/AdministracionBlueWolf/images bg2.jpg
2018.08.31 13:45 B C:\Users\redkey\Documents\Repositorios\AdministracionBluewolf\images\bg1.jpg --> www.bluewolf.com.mx /public_html/admon/AdministracionBlueWolf/images bg1.jpg
2018.08.31 13:45 B C:\Users\redkey\Documents\Repositorios\AdministracionBluewolf\images\bg.jpg --> www.bluewolf.com.mx /public_html/admon/AdministracionBlueWolf/images bg.jpg
2018.08.31 13:47 B C:\Users\redkey\Documents\Repositorios\AdministracionBluewolf\images\pageLoader.gif --> www.bluewolf.com.mx /public_html/admon/AdministracionBlueWolf/images pageLoader.gif
