2018.01.18 09:47 B C:\wamp\www\admon\new\docs\11_Propuesta.pdf <-- bluewolf BLUEHOST /public_html/admon/new/docs 11_Propuesta.pdf
2018.01.18 09:47 B C:\wamp\www\admon\new\docs\13_Propuesta MGE JMAS.pdf <-- bluewolf BLUEHOST /public_html/admon/new/docs 13_Propuesta MGE JMAS.pdf
2018.01.18 09:47 B C:\wamp\www\admon\new\docs\16_Propuesta Proyectos Especiales.pdf <-- bluewolf BLUEHOST /public_html/admon/new/docs 16_Propuesta Proyectos Especiales.pdf
2018.01.18 09:47 B C:\wamp\www\admon\new\docs\20_Propuesta Atracción de Talento - Gerente de Recursos.pdf <-- bluewolf BLUEHOST /public_html/admon/new/docs 20_Propuesta Atracción de Talento - Gerente de Recursos.pdf
2018.01.18 09:47 B C:\wamp\www\admon\new\docs\21_Propuesta Atracción de Talento - Gerente Comercial.pdf <-- bluewolf BLUEHOST /public_html/admon/new/docs 21_Propuesta Atracción de Talento - Gerente Comercial.pdf
2018.01.18 09:47 B C:\wamp\www\admon\new\docs\23_Propuesta Planeación UCACSA.pdf <-- bluewolf BLUEHOST /public_html/admon/new/docs 23_Propuesta Planeación UCACSA.pdf
2018.01.18 09:47 B C:\wamp\www\admon\new\docs\26_Propuesta Bosch.pptx <-- bluewolf BLUEHOST /public_html/admon/new/docs 26_Propuesta Bosch.pptx
2018.01.18 09:47 B C:\wamp\www\admon\new\docs\3_0606206637.pdf <-- bluewolf BLUEHOST /public_html/admon/new/docs 3_0606206637.pdf
2018.01.18 09:47 B C:\wamp\www\admon\new\docs\3_bela.docx <-- bluewolf BLUEHOST /public_html/admon/new/docs 3_bela.docx
2018.01.18 09:47 B C:\wamp\www\admon\new\docs\44_oc_12734.pdf <-- bluewolf BLUEHOST /public_html/admon/new/docs 44_oc_12734.pdf
2018.01.18 09:47 B C:\wamp\www\admon\new\docs\45_oc_12734.pdf <-- bluewolf BLUEHOST /public_html/admon/new/docs 45_oc_12734.pdf
2018.01.18 09:47 B C:\wamp\www\admon\new\docs\47_requisitos.pdf <-- bluewolf BLUEHOST /public_html/admon/new/docs 47_requisitos.pdf
2018.01.18 09:47 B C:\wamp\www\admon\new\docs\4_10995940.pdf <-- bluewolf BLUEHOST /public_html/admon/new/docs 4_10995940.pdf
2018.01.18 09:47 B C:\wamp\www\admon\new\docs\50_Archivopdf <-- bluewolf BLUEHOST /public_html/admon/new/docs 50_Archivopdf
2018.01.18 09:48 B C:\wamp\www\admon\new\docs\51_Archivo.pdf <-- bluewolf BLUEHOST /public_html/admon/new/docs 51_Archivo.pdf
2018.01.18 09:48 B C:\wamp\www\admon\new\docs\52_Archivo.pdf <-- bluewolf BLUEHOST /public_html/admon/new/docs 52_Archivo.pdf
2018.01.18 09:48 B C:\wamp\www\admon\new\docs\53_Propuesta.pdf <-- bluewolf BLUEHOST /public_html/admon/new/docs 53_Propuesta.pdf
2018.01.18 09:48 B C:\wamp\www\admon\new\docs\54_Propuesta.pdf <-- bluewolf BLUEHOST /public_html/admon/new/docs 54_Propuesta.pdf
2018.01.18 09:48 B C:\wamp\www\admon\new\docs\55_Propuesta.pdf <-- bluewolf BLUEHOST /public_html/admon/new/docs 55_Propuesta.pdf
2018.01.18 09:48 B C:\wamp\www\admon\new\docs\56_Propuesta.pptx <-- bluewolf BLUEHOST /public_html/admon/new/docs 56_Propuesta.pptx
2018.01.18 09:48 B C:\wamp\www\admon\new\docs\9_mesa.jpg <-- bluewolf BLUEHOST /public_html/admon/new/docs 9_mesa.jpg
2018.01.18 09:48 B C:\wamp\www\admon\new\docs\desktop.ini <-- bluewolf BLUEHOST /public_html/admon/new/docs desktop.ini
